<?xml version="1.0" encoding="UTF-8"?>
<testsuite xmlns:xsi="http://www.w3.org/2001/XMLSchema-instance" xsi:noNamespaceSchemaLocation="https://maven.apache.org/surefire/maven-surefire-plugin/xsd/surefire-test-report-3.0.xsd" version="3.0" name="ContactTest" time="0.047" tests="11" errors="0" skipped="0" failures="0">
  <properties>
    <property name="java.specification.version" value="21"/>
    <property name="sun.cpu.isalist" value="amd64"/>
    <property name="sun.jnu.encoding" value="Cp1252"/>
    <property name="java.class.path" value="C:\Users\Kenyk\Desktop\SNHUCompsci\CS-320-Portfolio\CS-320-Portfolio\target\test-classes;C:\Users\Kenyk\Desktop\SNHUCompsci\CS-320-Portfolio\CS-320-Portfolio\target\classes;C:\Users\Kenyk\.m2\repository\org\junit\jupiter\junit-jupiter\5.11.0\junit-jupiter-5.11.0.jar;C:\Users\Kenyk\.m2\repository\org\junit\jupiter\junit-jupiter-api\5.11.0\junit-jupiter-api-5.11.0.jar;C:\Users\Kenyk\.m2\repository\org\opentest4j\opentest4j\1.3.0\opentest4j-1.3.0.jar;C:\Users\Kenyk\.m2\repository\org\junit\platform\junit-platform-commons\1.11.0\junit-platform-commons-1.11.0.jar;C:\Users\Kenyk\.m2\repository\org\apiguardian\apiguardian-api\1.1.2\apiguardian-api-1.1.2.jar;C:\Users\Kenyk\.m2\repository\org\junit\jupiter\junit-jupiter-params\5.11.0\junit-jupiter-params-5.11.0.jar;C:\Users\Kenyk\.m2\repository\org\junit\jupiter\junit-jupiter-engine\5.11.0\junit-jupiter-engine-5.11.0.jar;C:\Users\Kenyk\.m2\repository\org\junit\platform\junit-platform-engine\1.11.0\junit-platform-engine-1.11.0.jar;C:\Users\Kenyk\.m2\repository\junit\junit\4.13.1\junit-4.13.1.jar;C:\Users\Kenyk\.m2\repository\org\hamcrest\hamcrest-core\1.3\hamcrest-core-1.3.jar;"/>
    <property name="java.vm.vendor" value="Oracle Corporation"/>
    <property name="sun.arch.data.model" value="64"/>
    <property name="user.variant" value=""/>
    <property name="java.vendor.url" value="https://java.oracle.com/"/>
    <property name="user.timezone" value="America/New_York"/>
    <property name="os.name" value="Windows 11"/>
    <property name="java.vm.specification.version" value="21"/>
    <property name="sun.java.launcher" value="SUN_STANDARD"/>
    <property name="user.country" value="US"/>
    <property name="sun.boot.library.path" value="C:\Program Files\Java\jdk-21\bin"/>
    <property name="sun.java.command" value="C:\Users\Kenyk\AppData\Local\Temp\surefire14128593752633422410\surefirebooter-20240826213646100_3.jar C:\Users\Kenyk\AppData\Local\Temp\surefire14128593752633422410 2024-08-26T21-36-45_925-jvmRun1 surefire-20240826213646100_1tmp surefire_0-20240826213646100_2tmp"/>
    <property name="jdk.debug" value="release"/>
    <property name="surefire.test.class.path" value="C:\Users\Kenyk\Desktop\SNHUCompsci\CS-320-Portfolio\CS-320-Portfolio\target\test-classes;C:\Users\Kenyk\Desktop\SNHUCompsci\CS-320-Portfolio\CS-320-Portfolio\target\classes;C:\Users\Kenyk\.m2\repository\org\junit\jupiter\junit-jupiter\5.11.0\junit-jupiter-5.11.0.jar;C:\Users\Kenyk\.m2\repository\org\junit\jupiter\junit-jupiter-api\5.11.0\junit-jupiter-api-5.11.0.jar;C:\Users\Kenyk\.m2\repository\org\opentest4j\opentest4j\1.3.0\opentest4j-1.3.0.jar;C:\Users\Kenyk\.m2\repository\org\junit\platform\junit-platform-commons\1.11.0\junit-platform-commons-1.11.0.jar;C:\Users\Kenyk\.m2\repository\org\apiguardian\apiguardian-api\1.1.2\apiguardian-api-1.1.2.jar;C:\Users\Kenyk\.m2\repository\org\junit\jupiter\junit-jupiter-params\5.11.0\junit-jupiter-params-5.11.0.jar;C:\Users\Kenyk\.m2\repository\org\junit\jupiter\junit-jupiter-engine\5.11.0\junit-jupiter-engine-5.11.0.jar;C:\Users\Kenyk\.m2\repository\org\junit\platform\junit-platform-engine\1.11.0\junit-platform-engine-1.11.0.jar;C:\Users\Kenyk\.m2\repository\junit\junit\4.13.1\junit-4.13.1.jar;C:\Users\Kenyk\.m2\repository\org\hamcrest\hamcrest-core\1.3\hamcrest-core-1.3.jar;"/>
    <property name="sun.cpu.endian" value="little"/>
    <property name="user.home" value="C:\Users\Kenyk"/>
    <property name="user.language" value="en"/>
    <property name="java.specification.vendor" value="Oracle Corporation"/>
    <property name="java.version.date" value="2024-01-16"/>
    <property name="java.home" value="C:\Program Files\Java\jdk-21"/>
    <property name="file.separator" value="\"/>
    <property name="basedir" value="C:\Users\Kenyk\Desktop\SNHUCompsci\CS-320-Portfolio\CS-320-Portfolio"/>
    <property name="java.vm.compressedOopsMode" value="Zero based"/>
    <property name="line.separator" value="&#10;"/>
    <property name="java.vm.specification.vendor" value="Oracle Corporation"/>
    <property name="java.specification.name" value="Java Platform API Specification"/>
    <property name="surefire.real.class.path" value="C:\Users\Kenyk\AppData\Local\Temp\surefire14128593752633422410\surefirebooter-20240826213646100_3.jar"/>
    <property name="user.script" value=""/>
    <property name="sun.management.compiler" value="HotSpot 64-Bit Tiered Compilers"/>
    <property name="java.runtime.version" value="21.0.2+13-LTS-58"/>
    <property name="user.name" value="Kenyk"/>
    <property name="stdout.encoding" value="Cp1252"/>
    <property name="path.separator" value=";"/>
    <property name="os.version" value="10.0"/>
    <property name="java.runtime.name" value="Java(TM) SE Runtime Environment"/>
    <property name="file.encoding" value="UTF-8"/>
    <property name="java.vm.name" value="Java HotSpot(TM) 64-Bit Server VM"/>
    <property name="localRepository" value="C:\Users\Kenyk\.m2\repository"/>
    <property name="java.vendor.url.bug" value="https://bugreport.java.com/bugreport/"/>
    <property name="java.io.tmpdir" value="C:\Users\Kenyk\AppData\Local\Temp\"/>
    <property name="java.version" value="21.0.2"/>
    <property name="user.dir" value="C:\Users\Kenyk\Desktop\SNHUCompsci\CS-320-Portfolio\CS-320-Portfolio"/>
    <property name="os.arch" value="amd64"/>
    <property name="java.vm.specification.name" value="Java Virtual Machine Specification"/>
    <property name="sun.os.patch.level" value=""/>
    <property name="native.encoding" value="Cp1252"/>
    <property name="java.library.path" value="C:\Program Files\Java\jdk-21\bin;C:\WINDOWS\Sun\Java\bin;C:\WINDOWS\system32;C:\WINDOWS;C:\Program Files\Common Files\Oracle\Java\javapath;C:\Windows\system32;C:\Windows;C:\Windows\System32\Wbem;C:\Windows\System32\WindowsPowerShell\v1.0\;C:\WINDOWS\System32\OpenSSH\;C:\WINDOWS\system32;C:\WINDOWS;C:\Program Files\dotnet\;C:\sqlite3;C:\mingw-w64\x86_64-8.1.0-posix-seh-rt_v6-rev0\mingw64\bin;C:\Program Files\MongoDB\Server\6.0\bin;C:\Program Files\MongoDB\Tools\100\;C:\mongosh-1.7.1-win32-x64\bin;C:\Program Files\CMake\bin;C:\Program Files\Microsoft SQL Server\Client SDK\ODBC\170\Tools\Binn\;C:\Program Files\Git LFS;C:\Program Files\GitHub CLI\;C:\Program Files\nodejs;C:\Users\Kenyk\AppData\Roaming\nvm;C:\Program Files\OpenSSL-Win64\bin;C:\Program Files\Amazon\AWSCLIV2\;C:\Program Files\HP\HP One Agent;C:\WINDOWS\System32\Wbem;C:\WINDOWS\System32\WindowsPowerShell\v1.0\;C:\Program Files\apache-maven-3.9.6\bin;C:\Program Files\Java\jdk-21\bin;C:\Program Files\Git\cmd;C:\Gradle\gradle-8.7\bin;C:\Program Files\terraform_1.8.5_windows_amd64;C:\Program Files\Kubernetes\Minikube;C:\Users\Kenyk\.minikube;C:\WINDOWS\system32;C:\WINDOWS;C:\WINDOWS\System32\Wbem;C:\WINDOWS\System32\WindowsPowerShell\v1.0\;C:\WINDOWS\System32\OpenSSH\;C:\Program Files\PowerShell\7-preview\preview;C:\Program Files\Docker\Docker\resources\bin;C:\ProgramData\chocolatey\bin;C:\Program Files\Wireshark;C:\Program Files\Microsoft SQL Server\150\Tools\Binn\;C:\mingw-w64\x86_64-8.1.0-posix-seh-rt_v6-rev0\mingw64;C:\Users\Kenyk\AppData\Local\Microsoft\WindowsApps;C:\Users\Kenyk\AppData\Local\GitHubDesktop\bin;C:\Users\Kenyk\AppData\Local\Programs\Microsoft VS Code\bin;C:\Users\Kenyk\.dotnet\tools;C:\Program Files\mongosh-1.10.1-win32-x64\bin;C:\Users\Kenyk\AppData\Local\JetBrains\Toolbox\scripts;C:\Users\Kenyk\AppData\Local\Microsoft\WindowsApps;C:\Users\Kenyk\.dotnet\tools;."/>
    <property name="java.vm.info" value="mixed mode, sharing"/>
    <property name="stderr.encoding" value="Cp1252"/>
    <property name="java.vendor" value="Oracle Corporation"/>
    <property name="java.vm.version" value="21.0.2+13-LTS-58"/>
    <property name="sun.io.unicode.encoding" value="UnicodeLittle"/>
    <property name="java.class.version" value="65.0"/>
  </properties>
  <testcase name="allTheProperThingsConstructorTest" classname="ContactTest" time="0.004"/>
  <testcase name="updateLastNameTest" classname="ContactTest" time="0.003"/>
  <testcase name="updateFirstNameTest" classname="ContactTest" time="0.005"/>
  <testcase name="contactIdFullNamePhoneNumberConstructorTest" classname="ContactTest" time="0.002"/>
  <testcase name="contactIdConstructorTest" classname="ContactTest" time="0.002"/>
  <testcase name="contactTest" classname="ContactTest" time="0.002"/>
  <testcase name="updateContactIdTest" classname="ContactTest" time="0.002"/>
  <testcase name="updatePhoneNumberTest" classname="ContactTest" time="0.005"/>
  <testcase name="contactIdAndFirstNameConstructorTest" classname="ContactTest" time="0.002"/>
  <testcase name="contactIdAndFullNameConstructorTest" classname="ContactTest" time="0.003"/>
  <testcase name="updateAddressTest" classname="ContactTest" time="0.003"/>
</testsuite>